#
# There is insufficient memory for the Java Runtime Environment to continue.
# Native memory allocation (mmap) failed to map 536870912 bytes for G1 virtual space
# Possible reasons:
#   The system is out of physical RAM or swap space
#   The process is running with CompressedOops enabled, and the Java Heap may be blocking the growth of the native heap
# Possible solutions:
#   Reduce memory load on the system
#   Increase physical memory or swap space
#   Check if swap backing store is full
#   Decrease Java heap size (-Xmx/-Xms)
#   Decrease number of Java threads
#   Decrease Java thread stack sizes (-Xss)
#   Set larger code cache with -XX:ReservedCodeCacheSize=
#   JVM is running with Zero Based Compressed Oops mode in which the Java heap is
#     placed in the first 32GB address space. The Java Heap base address is the
#     maximum limit for the native heap growth. Please use -XX:HeapBaseMinAddress
#     to set the Java Heap base and to place the Java Heap above 32GB virtual address.
# This output file may be truncated or incomplete.
#
#  Out of Memory Error (os_windows.cpp:3469), pid=25364, tid=29512
#
# JRE version:  (17.0.1+12) (build )
# Java VM: OpenJDK 64-Bit Server VM (17.0.1+12-39, mixed mode, sharing, tiered, compressed oops, compressed class ptrs, g1 gc, windows-amd64)
# No core dump will be written. Minidumps are not enabled by default on client versions of Windows
#

---------------  S U M M A R Y ------------

Command Line: -agentlib:jdwp=transport=dt_socket,address=127.0.0.1:12232,suspend=y,server=n -javaagent:C:\Users\wgc57\AppData\Local\JetBrains\IdeaIC2021.3\captureAgent\debugger-agent.jar -Dfile.encoding=UTF-8 edu.usc.softarch.arcade.facts.design.RecovArEngineIsolated D:\Workspace\arc-sum\scripts\ARCADE\clusters\hollow\arc D:\Workspace\arc-sum\scripts\ARCADE\version_trees\versionTree_hollow.rsf D:\Workspace\arc-sum\scripts\data_processing\issue\results_formatted_issues\formatted_issues_hollow.json (v?\\d+(\\.\\d+)?(\\.\\d+)?(\\.\\d+)?(-?(alpha(\\d+)?|beta(\\d+)?|rc(\\d+)?|pre(\\d+)?)?))* D:\Workspace\arc-sum\scripts\data_processing\issue\recovarOutput_hollow_arc.json

Host: Intel(R) Core(TM) i7-9700K CPU @ 3.60GHz, 8 cores, 31G,  Windows 10 , 64 bit Build 19041 (10.0.19041.3636)
Time: Sat Feb 10 17:15:24 2024 Pacific Standard Time elapsed time: 0.016273 seconds (0d 0h 0m 0s)

---------------  T H R E A D  ---------------

Current thread (0x000001bd65a7faa0):  JavaThread "Unknown thread" [_thread_in_vm, id=29512, stack(0x0000006f96900000,0x0000006f96a00000)]

Stack: [0x0000006f96900000,0x0000006f96a00000]
Native frames: (J=compiled Java code, j=interpreted, Vv=VM code, C=native code)
V  [jvm.dll+0x66fa1a]
V  [jvm.dll+0x7ce5a4]
V  [jvm.dll+0x7cfd4e]
V  [jvm.dll+0x7d03b3]
V  [jvm.dll+0x242b05]
V  [jvm.dll+0x66ca39]
V  [jvm.dll+0x661502]
V  [jvm.dll+0x30081b]
V  [jvm.dll+0x307da6]
V  [jvm.dll+0x357a1e]
V  [jvm.dll+0x357c4f]
V  [jvm.dll+0x2d7ad8]
V  [jvm.dll+0x2d8a44]
V  [jvm.dll+0x7a01e1]
V  [jvm.dll+0x365791]
V  [jvm.dll+0x77f6cc]
V  [jvm.dll+0x3e812f]
V  [jvm.dll+0x3e9bd1]
C  [jli.dll+0x527b]
C  [ucrtbase.dll+0x21bb2]
C  [KERNEL32.DLL+0x17344]
C  [ntdll.dll+0x526b1]


---------------  P R O C E S S  ---------------

Threads class SMR info:
_java_thread_list=0x00007ffa9a2b7818, length=0, elements={
}

Java Threads: ( => current thread )

Other Threads:
  0x000001bd65af8530 GCTaskThread "GC Thread#0" [stack: 0x0000006f96a00000,0x0000006f96b00000] [id=3716]
  0x000001bd65b092d0 ConcurrentGCThread "G1 Main Marker" [stack: 0x0000006f96b00000,0x0000006f96c00000] [id=8536]
  0x000001bd65b09bf0 ConcurrentGCThread "G1 Conc#0" [stack: 0x0000006f96c00000,0x0000006f96d00000] [id=6428]

[error occurred during error reporting (printing all threads), id 0xc0000005, EXCEPTION_ACCESS_VIOLATION (0xc0000005) at pc=0x00007ffa99b084b7]

VM state: not at safepoint (not fully initialized)

VM Mutex/Monitor currently owned by a thread:  ([mutex/lock_event])
[0x000001bd65a7c460] Heap_lock - owner thread: 0x000001bd65a7faa0

Heap address: 0x0000000601400000, size: 8172 MB, Compressed Oops mode: Zero based, Oop shift amount: 3

CDS archive(s) mapped at: [0x0000000000000000-0x0000000000000000-0x0000000000000000), size 0, SharedBaseAddress: 0x0000000800000000, ArchiveRelocationMode: 0.
Narrow klass base: 0x0000000000000000, Narrow klass shift: 0, Narrow klass range: 0x0

GC Precious Log:
<Empty>

Heap:
 garbage-first heap   total 0K, used 0K [0x0000000601400000, 0x0000000800000000)
  region size 4096K, 0 young (0K), 0 survivors (0K)

[error occurred during error reporting (printing heap information), id 0xc0000005, EXCEPTION_ACCESS_VIOLATION (0xc0000005) at pc=0x00007ffa99ee8d89]

GC Heap History (0 events):
No events

Deoptimization events (0 events):
No events

Classes unloaded (0 events):
No events

Classes redefined (0 events):
No events

Internal exceptions (0 events):
No events

VM Operations (0 events):
No events

Events (2 events):
Event: 0.010 Loaded shared library D:\Workspace\JDK\openjdk-17.0.1\bin\java.dll
Event: 0.011 Loaded shared library D:\Workspace\JDK\openjdk-17.0.1\bin\zip.dll


Dynamic libraries:
0x00007ff6b5630000 - 0x00007ff6b563e000 	D:\Workspace\JDK\openjdk-17.0.1\bin\java.exe
0x00007ffb49f10000 - 0x00007ffb4a108000 	C:\WINDOWS\SYSTEM32\ntdll.dll
0x00007ffb49050000 - 0x00007ffb4910d000 	C:\WINDOWS\System32\KERNEL32.DLL
0x00007ffb479d0000 - 0x00007ffb47cc6000 	C:\WINDOWS\System32\KERNELBASE.dll
0x00007ffb478d0000 - 0x00007ffb479d0000 	C:\WINDOWS\System32\ucrtbase.dll
0x00007ffa9d100000 - 0x00007ffa9d118000 	D:\Workspace\JDK\openjdk-17.0.1\bin\jli.dll
0x00007ffa9cf70000 - 0x00007ffa9cf8a000 	D:\Workspace\JDK\openjdk-17.0.1\bin\VCRUNTIME140.dll
0x00007ffb48a90000 - 0x00007ffb48c2e000 	C:\WINDOWS\System32\USER32.dll
0x00007ffb47ee0000 - 0x00007ffb47f02000 	C:\WINDOWS\System32\win32u.dll
0x00007ffb499b0000 - 0x00007ffb499dc000 	C:\WINDOWS\System32\GDI32.dll
0x00007ffb47650000 - 0x00007ffb4776a000 	C:\WINDOWS\System32\gdi32full.dll
0x00007ffb47cd0000 - 0x00007ffb47d6d000 	C:\WINDOWS\System32\msvcp_win.dll
0x00007ffb35c60000 - 0x00007ffb35efa000 	C:\WINDOWS\WinSxS\amd64_microsoft.windows.common-controls_6595b64144ccf1df_6.0.19041.3636_none_60b6a03d71f818d5\COMCTL32.dll
0x00007ffb47f60000 - 0x00007ffb47ffe000 	C:\WINDOWS\System32\msvcrt.dll
0x00007ffb486a0000 - 0x00007ffb486d0000 	C:\WINDOWS\System32\IMM32.DLL
0x0000000058a20000 - 0x0000000058a2d000 	D:\Program Files (x86)\360\360safe\safemon\SafeWrapper.dll
0x00007ffb48140000 - 0x00007ffb481f3000 	C:\WINDOWS\System32\ADVAPI32.dll
0x00007ffb48fb0000 - 0x00007ffb4904f000 	C:\WINDOWS\System32\sechost.dll
0x00007ffb48440000 - 0x00007ffb48566000 	C:\WINDOWS\System32\RPCRT4.dll
0x00007ffb47e20000 - 0x00007ffb47e47000 	C:\WINDOWS\System32\bcrypt.dll
0x00007ffb2b6e0000 - 0x00007ffb2b78c000 	D:\Program Files (x86)\360\360safe\safemon\libzdtp64.dll
0x00007ffb49170000 - 0x00007ffb498b5000 	C:\WINDOWS\System32\SHELL32.dll
0x00007ffb48980000 - 0x00007ffb489d5000 	C:\WINDOWS\System32\SHLWAPI.dll
0x00007ffb47140000 - 0x00007ffb4714a000 	C:\WINDOWS\SYSTEM32\VERSION.dll
0x00007ffa9cf60000 - 0x00007ffa9cf6c000 	D:\Workspace\JDK\openjdk-17.0.1\bin\vcruntime140_1.dll
0x00007ffa9ced0000 - 0x00007ffa9cf5d000 	D:\Workspace\JDK\openjdk-17.0.1\bin\msvcp140.dll
0x00007ffa99820000 - 0x00007ffa9a3de000 	D:\Workspace\JDK\openjdk-17.0.1\bin\server\jvm.dll
0x00007ffb49990000 - 0x00007ffb49998000 	C:\WINDOWS\System32\PSAPI.DLL
0x00007ffb34af0000 - 0x00007ffb34b17000 	C:\WINDOWS\SYSTEM32\WINMM.dll
0x00007ffb23ff0000 - 0x00007ffb23ff9000 	C:\WINDOWS\SYSTEM32\WSOCK32.dll
0x00007ffb48760000 - 0x00007ffb487cb000 	C:\WINDOWS\System32\WS2_32.dll
0x00007ffb45400000 - 0x00007ffb45412000 	C:\WINDOWS\SYSTEM32\kernel.appcore.dll
0x00007ffa9cec0000 - 0x00007ffa9ceca000 	D:\Workspace\JDK\openjdk-17.0.1\bin\jimage.dll
0x00007ffb3b9d0000 - 0x00007ffb3bbb4000 	C:\WINDOWS\SYSTEM32\DBGHELP.DLL
0x00007ffb27490000 - 0x00007ffb274c4000 	C:\WINDOWS\SYSTEM32\dbgcore.DLL
0x00007ffb47e50000 - 0x00007ffb47ed2000 	C:\WINDOWS\System32\bcryptPrimitives.dll
0x00007ffb23520000 - 0x00007ffb2355b000 	D:\Workspace\JDK\openjdk-17.0.1\bin\jdwp.dll
0x00007ffb24740000 - 0x00007ffb2474e000 	D:\Workspace\JDK\openjdk-17.0.1\bin\instrument.dll
0x00007ffa9ce90000 - 0x00007ffa9ceb5000 	D:\Workspace\JDK\openjdk-17.0.1\bin\java.dll
0x00007ffa9ce30000 - 0x00007ffa9ce48000 	D:\Workspace\JDK\openjdk-17.0.1\bin\zip.dll

dbghelp: loaded successfully - version: 4.0.5 - missing functions: none
symbol engine: initialized successfully - sym options: 0x614 - pdb path: .;D:\Workspace\JDK\openjdk-17.0.1\bin;C:\WINDOWS\SYSTEM32;C:\WINDOWS\WinSxS\amd64_microsoft.windows.common-controls_6595b64144ccf1df_6.0.19041.3636_none_60b6a03d71f818d5;D:\Program Files (x86)\360\360safe\safemon;D:\Workspace\JDK\openjdk-17.0.1\bin\server

VM Arguments:
jvm_args: -agentlib:jdwp=transport=dt_socket,address=127.0.0.1:12232,suspend=y,server=n -javaagent:C:\Users\wgc57\AppData\Local\JetBrains\IdeaIC2021.3\captureAgent\debugger-agent.jar -Dfile.encoding=UTF-8 
java_command: edu.usc.softarch.arcade.facts.design.RecovArEngineIsolated D:\Workspace\arc-sum\scripts\ARCADE\clusters\hollow\arc D:\Workspace\arc-sum\scripts\ARCADE\version_trees\versionTree_hollow.rsf D:\Workspace\arc-sum\scripts\data_processing\issue\results_formatted_issues\formatted_issues_hollow.json (v?\\d+(\\.\\d+)?(\\.\\d+)?(\\.\\d+)?(-?(alpha(\\d+)?|beta(\\d+)?|rc(\\d+)?|pre(\\d+)?)?))* D:\Workspace\arc-sum\scripts\data_processing\issue\recovarOutput_hollow_arc.json
java_class_path (initial): D:\Workspace\arcade_core\target\classes;C:\Users\wgc57\.m2\repository\cc\mallet\mallet\local\mallet-local.jar;C:\Users\wgc57\.m2\repository\gnu\trove\trove\local\trove-local.jar;C:\Users\wgc57\.m2\repository\com\carrotsearch\hppc\0.9.1\hppc-0.9.1.jar;C:\Users\wgc57\.m2\repository\org\apache-extras\beanshell\bsh\2.0b6\bsh-2.0b6.jar;C:\Users\wgc57\.m2\repository\com\google\errorprone\error_prone_annotations\2.3.1\error_prone_annotations-2.3.1.jar;C:\Users\wgc57\.m2\repository\org\jgrapht\jgrapht-core\1.5.1\jgrapht-core-1.5.1.jar;C:\Users\wgc57\.m2\repository\org\jheaps\jheaps\0.13\jheaps-0.13.jar;C:\Users\wgc57\.m2\repository\com\googlecode\json-simple\json-simple\1.1.1\json-simple-1.1.1.jar;C:\Users\wgc57\.m2\repository\junit\junit\4.10\junit-4.10.jar;C:\Users\wgc57\.m2\repository\org\hamcrest\hamcrest-core\1.1\hamcrest-core-1.1.jar;C:\Users\wgc57\.m2\repository\net\rcarz\jira-client\0.5\jira-client-0.5.jar;C:\Users\wgc57\.m2\repository\org\apache\httpcomponents\httpclient\4.2.5\httpclient-4.2.5.jar;C:\Users\wgc57\.m2\repository\org\apache\httpcomponents\httpcore\4.2.4\httpcore-4.2.4.jar;C:\Users\wgc57\.m2\repository\commons-logging\commons-logging\1.1.1\commons-logging-1.1.1.jar;C:\Users\wgc57\.m2\repository\commons-codec\commons-codec\1.6\commons-codec-1.6.jar;C:\Users\wgc57\.m2\repository\org\apache\httpcomponents\httpmime\4.2.5\httpmime-4.2.5.jar;C:\Users\wgc57\.m2\repository\net\sf\json-lib\json-lib\2.4\json-lib-2.4-jdk15.jar;C:\Users\wgc57\.m2\repository\commons-beanutils\commons-beanutils\1.8.0\commons-beanutils-1.8.0.jar;C:\Users\wgc57\.m2\repository\commons-collections\commons-collections\3.2.1\commons-collections-3.2.1.jar;C:\Users\wgc57\.m2\repository\commons-lang\commons-lang\2.5\commons-lang-2.5.jar;C:\Users\wgc57\.m2\repository\net\sf\ezmorph\ezmorph\1.0.6\ezmorph-1.0.6.jar;C:\Users\wgc57\.m2\repository\joda-time\joda-time\2.3\joda-time-2.3.jar;C:\Users\wgc57\.m2\repository\org\mockito\mockito-all\1.9.0\mockito-all-1.9.0.jar
Launcher Type: SUN_STANDARD

[Global flags]
     intx CICompilerCount                          = 4                                         {product} {ergonomic}
     uint ConcGCThreads                            = 2                                         {product} {ergonomic}
     uint G1ConcRefinementThreads                  = 8                                         {product} {ergonomic}
   size_t G1HeapRegionSize                         = 4194304                                   {product} {ergonomic}
    uintx GCDrainStackTargetSize                   = 64                                        {product} {ergonomic}
   size_t InitialHeapSize                          = 536870912                                 {product} {ergonomic}
   size_t MarkStackSize                            = 4194304                                   {product} {ergonomic}
   size_t MaxHeapSize                              = 8568963072                                {product} {ergonomic}
   size_t MinHeapDeltaBytes                        = 4194304                                   {product} {ergonomic}
   size_t MinHeapSize                              = 8388608                                   {product} {ergonomic}
    uintx NonNMethodCodeHeapSize                   = 5839372                                {pd product} {ergonomic}
    uintx NonProfiledCodeHeapSize                  = 122909434                              {pd product} {ergonomic}
    uintx ProfiledCodeHeapSize                     = 122909434                              {pd product} {ergonomic}
    uintx ReservedCodeCacheSize                    = 251658240                              {pd product} {ergonomic}
     bool SegmentedCodeCache                       = true                                      {product} {ergonomic}
   size_t SoftMaxHeapSize                          = 8568963072                             {manageable} {ergonomic}
     bool UseCompressedClassPointers               = true                           {product lp64_product} {ergonomic}
     bool UseCompressedOops                        = true                           {product lp64_product} {ergonomic}
     bool UseG1GC                                  = true                                      {product} {ergonomic}
     bool UseLargePagesIndividualAllocation        = false                                  {pd product} {ergonomic}

Logging:
Log output configuration:
 #0: stdout all=warning uptime,level,tags
 #1: stderr all=off uptime,level,tags

Environment Variables:
JAVA_HOME=D:\Workspace\JDK\openjdk-17.0.1
CLASSPATH=.;D:\Workspace\JDK\openjdk-17.0.1\lib\dt.jar;D:\Workspace\JDK\openjdk-17.0.1\lib\tools.jar;
PATH=C:\Program Files\NVIDIA GPU Computing Toolkit\CUDA\v11.7\bin;C:\Program Files\NVIDIA GPU Computing Toolkit\CUDA\v11.7\libnvvp;C:\Windows\system32;C:\Windows;C:\Windows\System32\Wbem;C:\Windows\System32\WindowsPowerShell\v1.0\;C:\Windows\System32\OpenSSH\;C:\Program Files\NVIDIA Corporation\NVIDIA NvDLISR;C:\Program Files (x86)\NVIDIA Corporation\PhysX\Common;D:\Workspace\JDK\openjdk-17.0.1\bin;D:\Git\cmd;D:\Program Files\PostgreSQL\14\lib;D:\Program Files\PostgreSQL\14\bin;C:\WINDOWS\system32;C:\WINDOWS;C:\WINDOWS\System32\Wbem;C:\WINDOWS\System32\WindowsPowerShell\v1.0\;C:\WINDOWS\System32\OpenSSH\;D:\Program Files\CUDNN\bin;D:\Program Files\PuTTY\;C:\Users\wgc57\.m2\wrapper\dists\apache-maven-3.6.3-bin\1iopthnavndlasol9gbrbg6bf2\apache-maven-3.6.3\bin;D:\Workspace\JDK\openjdk-17.0.1\bin;D:\Program Files\Microsoft Visual Studio\2022\Community\VC\Tools\MSVC\14.31.31103\bin\Hostx64\x64;C:\Program Files\nodejs\;C:\Program Files\dotnet\;C:\Program Files\NVIDIA Corporation\Nsight Compute 2022.2.0\;D:\StrawberryPerl\c\bin;D:\StrawberryPerl\perl\site\bin;D:\StrawberryPerl\perl\bin;C:\Program Files\Docker\Docker\resources\bin;D:\Program Files\SciTools\bin\pc-win64;;D:\Program Files (x86)\glab;C:\Users\wgc57\AppData\Local\Programs\Python\Python39\Scripts\;C:\Users\wgc57\AppData\Local\Programs\Python\Python39\;C:\texlive\2020\bin\win32;C:\Users\wgc57\AppData\Local\Microsoft\WindowsApps;D:\Microsoft VS Code\bin;C:\Program Files\NVIDIA GPU Computing Toolkit\CUDA\v11.4\bin;C:\Users\wgc57\AppData\Roaming\npm;C:\Users\wgc57\.dotnet\tools;
USERNAME=wgc57
OS=Windows_NT
PROCESSOR_IDENTIFIER=Intel64 Family 6 Model 158 Stepping 13, GenuineIntel



---------------  S Y S T E M  ---------------

OS:
 Windows 10 , 64 bit Build 19041 (10.0.19041.3636)
OS uptime: 0 days 5:50 hours
Hyper-V role detected

CPU: total 8 (initial active 8) (8 cores per cpu, 1 threads per core) family 6 model 158 stepping 13 microcode 0xb8, cx8, cmov, fxsr, mmx, 3dnowpref, sse, sse2, sse3, ssse3, sse4.1, sse4.2, popcnt, lzcnt, tsc, tscinvbit, avx, avx2, aes, erms, clmul, bmi1, bmi2, rtm, adx, fma, vzeroupper, clflush, clflushopt, hv

Memory: 4k page, system-wide physical 32683M (2882M free)
TotalPageFile size 40875M (AvailPageFile size 353M)
current process WorkingSet (physical memory assigned to process): 12M, peak: 12M
current process commit charge ("private bytes"): 60M, peak: 572M

vm_info: OpenJDK 64-Bit Server VM (17.0.1+12-39) for windows-amd64 JRE (17.0.1+12-39), built on Sep 27 2021 18:39:29 by "mach5one" with MS VC++ 16.8 (VS2019)

END.
